app/build/outputs/logs/manifest-merger-debug-report.txt
-- Merging decision tree log ---
manifest
ADDED from src/main/AndroidManifest.xml:2:1-61:12
	package
		ADDED from src/main/AndroidManifest.xml:3:5-54
		INJECTED from src/main/AndroidManifest.xml
		INJECTED from src/main/AndroidManifest.xml
	android:versionName
		INJECTED from src/main/AndroidManifest.xml
		INJECTED from src/main/AndroidManifest.xml
	xmlns:android
		ADDED from src/main/AndroidManifest.xml:2:11-69
	android:versionCode
		INJECTED from src/main/AndroidManifest.xml
		INJECTED from src/main/AndroidManifest.xml
uses-permission#android.permission.WRITE_EXTERNAL_STORAGE
ADDED from src/main/AndroidManifest.xml:5:5-81
	android:name
		ADDED from src/main/AndroidManifest.xml:5:22-78
uses-permission#android.permission.READ_EXTERNAL_STORAGE
ADDED from src/main/AndroidManifest.xml:6:5-80
	android:name
		ADDED from src/main/AndroidManifest.xml:6:22-77
uses-permission#android.permission.DOWNLOAD_WITHOUT_NOTIFICATION
ADDED from src/main/AndroidManifest.xml:7:5-88
	android:name
		ADDED from src/main/AndroidManifest.xml:7:22-85
uses-permission#android.permission.INTERNET
ADDED from src/main/AndroidManifest.xml:8:5-67
	android:name
		ADDED from src/main/AndroidManifest.xml:8:22-64
uses-permission#android.permission.ACCESS_NETWORK_STATE
ADDED from src/main/AndroidManifest.xml:9:5-79
	android:name
		ADDED from src/main/AndroidManifest.xml:9:22-76
uses-permission#android.permission.ACCESS_FINE_LOCATION
ADDED from src/main/AndroidManifest.xml:10:5-79
	android:name
		ADDED from src/main/AndroidManifest.xml:10:22-76
application
ADDED from src/main/AndroidManifest.xml:12:5-59:19
MERGED from [com.github.baoyachi:StepView:1.9] AndroidManifest.xml:11:5-15:19
MERGED from [com.android.support.constraint:constraint-layout:1.0.1] AndroidManifest.xml:9:5-20
MERGED from [com.android.support:design:25.2.0] AndroidManifest.xml:25:5-20
MERGED from [com.android.support:transition:25.2.0] AndroidManifest.xml:22:5-20
MERGED from [me.itangqi.waveloadingview:library:0.3.5] AndroidManifest.xml:11:5-15:19
MERGED from [com.android.support:appcompat-v7:25.2.0] AndroidManifest.xml:25:5-20
MERGED from [com.android.support:support-v4:25.2.0] AndroidManifest.xml:25:5-20
MERGED from [com.android.support:support-fragment:25.2.0] AndroidManifest.xml:25:5-20
MERGED from [com.android.support:support-media-compat:25.2.0] AndroidManifest.xml:25:5-20
MERGED from [com.android.support:support-core-ui:25.2.0] AndroidManifest.xml:25:5-20
MERGED from [com.android.support:support-core-utils:25.2.0] AndroidManifest.xml:25:5-20
MERGED from [com.android.support:animated-vector-drawable:25.2.0] AndroidManifest.xml:22:5-20
MERGED from [com.android.support:support-vector-drawable:25.2.0] AndroidManifest.xml:23:5-20
MERGED from [com.android.support:support-compat:25.2.0] AndroidManifest.xml:25:5-20
MERGED from [com.github.clans:fab:1.6.4] AndroidManifest.xml:12:5-20
	android:label
		ADDED from src/main/AndroidManifest.xml:15:9-41
	android:supportsRtl
		ADDED from src/main/AndroidManifest.xml:16:9-35
	android:allowBackup
		ADDED from src/main/AndroidManifest.xml:13:9-35
	android:icon
		ADDED from src/main/AndroidManifest.xml:14:9-42
	android:theme
		ADDED from src/main/AndroidManifest.xml:17:9-41
activity#programvareutvikling.studytale_skeleton.SplashActivity
ADDED from src/main/AndroidManifest.xml:18:9-29:20
	android:screenOrientation
		ADDED from src/main/AndroidManifest.xml:20:13-49
	android:theme
		ADDED from src/main/AndroidManifest.xml:21:13-42
	android:name
		ADDED from src/main/AndroidManifest.xml:19:13-43
intent-filter#android.intent.action.MAIN+android.intent.category.LAUNCHER
ADDED from src/main/AndroidManifest.xml:23:13-27:29
action#android.intent.action.MAIN
ADDED from src/main/AndroidManifest.xml:24:17-69
	android:name
		ADDED from src/main/AndroidManifest.xml:24:25-66
category#android.intent.category.LAUNCHER
ADDED from src/main/AndroidManifest.xml:26:17-77
	android:name
		ADDED from src/main/AndroidManifest.xml:26:27-74
activity#programvareutvikling.studytale_skeleton.StartActivity
ADDED from src/main/AndroidManifest.xml:30:9-33:58
	android:screenOrientation
		ADDED from src/main/AndroidManifest.xml:32:13-49
	android:windowSoftInputMode
		ADDED from src/main/AndroidManifest.xml:33:13-55
	android:name
		ADDED from src/main/AndroidManifest.xml:31:13-42
activity#programvareutvikling.studytale_skeleton.ChooseCategoryActivity
ADDED from src/main/AndroidManifest.xml:34:9-36:52
	android:screenOrientation
		ADDED from src/main/AndroidManifest.xml:36:13-49
	android:name
		ADDED from src/main/AndroidManifest.xml:35:13-51
activity#programvareutvikling.studytale_skeleton.CustomizeActivity
ADDED from src/main/AndroidManifest.xml:37:9-39:52
	android:screenOrientation
		ADDED from src/main/AndroidManifest.xml:39:13-49
	android:name
		ADDED from src/main/AndroidManifest.xml:38:13-46
activity#programvareutvikling.studytale_skeleton.TimeTableActivity
ADDED from src/main/AndroidManifest.xml:40:9-42:52
	android:screenOrientation
		ADDED from src/main/AndroidManifest.xml:42:13-49
	android:name
		ADDED from src/main/AndroidManifest.xml:41:13-46
activity#programvareutvikling.studytale_skeleton.StoryViewActivity
ADDED from src/main/AndroidManifest.xml:43:9-46:20
	android:parentActivityName
		ADDED from src/main/AndroidManifest.xml:45:13-55
	android:name
		ADDED from src/main/AndroidManifest.xml:44:13-46
activity#programvareutvikling.studytale_skeleton.StoryLibrary
ADDED from src/main/AndroidManifest.xml:47:9-50:52
	android:screenOrientation
		ADDED from src/main/AndroidManifest.xml:50:13-49
	android:label
		ADDED from src/main/AndroidManifest.xml:49:13-42
	android:name
		ADDED from src/main/AndroidManifest.xml:48:13-41
activity#programvareutvikling.studytale_skeleton.Settings
ADDED from src/main/AndroidManifest.xml:51:9-54:58
	android:parentActivityName
		ADDED from src/main/AndroidManifest.xml:54:13-55
	android:launchMode
		ADDED from src/main/AndroidManifest.xml:53:13-44
	android:name
		ADDED from src/main/AndroidManifest.xml:52:13-37
activity#programvareutvikling.studytale_skeleton.CreateStory
ADDED from src/main/AndroidManifest.xml:55:9-49
	android:name
		ADDED from src/main/AndroidManifest.xml:55:19-46
activity#programvareutvikling.studytale_skeleton.GetStory
ADDED from src/main/AndroidManifest.xml:56:9-46
	android:name
		ADDED from src/main/AndroidManifest.xml:56:19-43
activity#programvareutvikling.studytale_skeleton.GetTimetable
ADDED from src/main/AndroidManifest.xml:57:9-50
	android:name
		ADDED from src/main/AndroidManifest.xml:57:19-47
activity#programvareutvikling.studytale_skeleton.SelectLecturesActivity
ADDED from src/main/AndroidManifest.xml:58:9-69
	android:name
		ADDED from src/main/AndroidManifest.xml:58:19-57
uses-sdk
INJECTED from src/main/AndroidManifest.xml reason: use-sdk injection requested
MERGED from [com.daimajia.easing:library:2.0] AndroidManifest.xml:8:5-10:41
MERGED from [com.daimajia.androidanimations:library:2.2] AndroidManifest.xml:8:5-10:41
MERGED from [com.github.baoyachi:StepView:1.9] AndroidManifest.xml:7:5-9:41
MERGED from [com.baoyz.swipemenulistview:library:1.3.0] AndroidManifest.xml:7:5-9:41
MERGED from [com.android.support.constraint:constraint-layout:1.0.1] AndroidManifest.xml:5:5-7:41
MERGED from [com.android.support:design:25.2.0] AndroidManifest.xml:21:5-23:62
MERGED from [com.android.support:recyclerview-v7:25.2.0] AndroidManifest.xml:20:5-43
MERGED from [com.android.support:transition:25.2.0] AndroidManifest.xml:20:5-44
MERGED from [me.itangqi.waveloadingview:library:0.3.5] AndroidManifest.xml:7:5-9:41
MERGED from [com.android.support:appcompat-v7:25.2.0] AndroidManifest.xml:21:5-23:78
MERGED from [com.android.support:support-v4:25.2.0] AndroidManifest.xml:21:5-23:54
MERGED from [com.android.support:support-fragment:25.2.0] AndroidManifest.xml:21:5-23:60
MERGED from [com.android.support:support-media-compat:25.2.0] AndroidManifest.xml:21:5-23:63
MERGED from [com.android.support:support-core-ui:25.2.0] AndroidManifest.xml:21:5-23:58
MERGED from [com.android.support:support-core-utils:25.2.0] AndroidManifest.xml:21:5-23:61
MERGED from [com.android.support:animated-vector-drawable:25.2.0] AndroidManifest.xml:20:5-44
MERGED from [com.android.support:support-vector-drawable:25.2.0] AndroidManifest.xml:21:5-43
MERGED from [com.android.support:support-compat:25.2.0] AndroidManifest.xml:21:5-23:58
MERGED from [com.github.clans:fab:1.6.4] AndroidManifest.xml:8:5-10:41
	tools:overrideLibrary
		ADDED from [com.android.support:design:25.2.0] AndroidManifest.xml:23:9-59
	android:targetSdkVersion
		INJECTED from src/main/AndroidManifest.xml
		INJECTED from src/main/AndroidManifest.xml
	android:minSdkVersion
		INJECTED from src/main/AndroidManifest.xml
		INJECTED from src/main/AndroidManifest.xml